<?xml version="1.0" encoding="UTF-8"?>
<!-- Generated by org.testng.reporters.JUnitReportReporter -->
<testsuite hostname="Vivaan" failures="0" tests="1" name="Listener.LoginTest" time="6.032" errors="0" timestamp="2025-04-01T17:56:43 IST" skipped="0">
  <testcase classname="Listener.LoginTest" name="loginTest" time="6.032">
    <system-out>
      <![CDATA[Validation is passed]]>
    </system-out>
  </testcase> <!-- loginTest -->
  <system-out>
    <![CDATA[Validation is passed
Camapign Pen_878 added successfully
Camapign Vivaan_4673 added successfully
Camapign Vivaan_634 added successfully
Camapign Sunil_1118 added successfully]]>
  </system-out>
</testsuite> <!-- Listener.LoginTest -->
