<?xml version="1.0" encoding="UTF-8"?>
<!-- Generated by org.testng.reporters.JUnitReportReporter -->
<testsuite hostname="Vivaan" failures="0" tests="1" name="Listener.CreateContactwithCampaign" time="28.474" errors="0" timestamp="2025-04-01T17:56:43 IST" skipped="0">
  <testcase classname="Listener.CreateContactwithCampaign" name="createContactwithCampaignTest" time="28.474">
    <system-out>
      <![CDATA[Camapign Sunil_1118 added successfully]]>
    </system-out>
  </testcase> <!-- createContactwithCampaignTest -->
  <system-out>
    <![CDATA[Validation is passed
Camapign Pen_878 added successfully
Camapign Vivaan_4673 added successfully
Camapign Vivaan_634 added successfully
Camapign Sunil_1118 added successfully]]>
  </system-out>
</testsuite> <!-- Listener.CreateContactwithCampaign -->
