<?xml version="1.0" encoding="UTF-8"?>
<!-- Generated by org.testng.reporters.JUnitReportReporter -->
<testsuite hostname="Vivaan" failures="0" tests="3" name="HelperAttributes.DataProviderAttribute" time="0.013" errors="0" timestamp="2025-03-25T20:55:31 IST" skipped="0">
  <testcase classname="HelperAttributes.DataProviderAttribute" name="testcase" time="0.009"/>
  <testcase classname="HelperAttributes.DataProviderAttribute" name="testcase" time="0.002"/>
  <testcase classname="HelperAttributes.DataProviderAttribute" name="testcase" time="0.002"/>
</testsuite> <!-- HelperAttributes.DataProviderAttribute -->
