<?xml version="1.0" encoding="UTF-8"?>
<!-- Generated by org.testng.reporters.JUnitReportReporter -->
<testsuite hostname="Vivaan" failures="0" tests="1" name="Assertion.SoftAssertLoginTest" time="12.889" errors="0" timestamp="2025-03-25T21:38:21 IST" skipped="0">
  <testcase classname="Assertion.SoftAssertLoginTest" name="loginTest" time="12.889">
    <system-out>
      <![CDATA[Validation is passed]]>
    </system-out>
  </testcase> <!-- loginTest -->
  <system-out>
    <![CDATA[Validation is passed]]>
  </system-out>
</testsuite> <!-- Assertion.SoftAssertLoginTest -->
