<?xml version="1.0" encoding="UTF-8"?>
<!-- Generated by org.testng.reporters.JUnitReportReporter -->
<testsuite hostname="Vivaan" failures="0" tests="7" name="HelperAttributes.ThreadPoolSizeCreateCampaignTest" time="149.037" errors="0" timestamp="2025-03-25T20:09:03 IST" skipped="0">
  <testcase classname="HelperAttributes.ThreadPoolSizeCreateCampaignTest" name="createCampaignTest" time="24.201">
    <system-out>
      <![CDATA[Camapign Vivaan_2733 added successfully]]>
    </system-out>
  </testcase> <!-- createCampaignTest -->
  <testcase classname="HelperAttributes.ThreadPoolSizeCreateCampaignTest" name="createCampaignTest" time="21.800">
    <system-out>
      <![CDATA[Camapign Vivaan_2757 added successfully]]>
    </system-out>
  </testcase> <!-- createCampaignTest -->
  <testcase classname="HelperAttributes.ThreadPoolSizeCreateCampaignTest" name="createCampaignwithcloseDateTest" time="21.991">
    <system-out>
      <![CDATA[Camapign Vivaan_1961 added successfully]]>
    </system-out>
  </testcase> <!-- createCampaignwithcloseDateTest -->
  <testcase classname="HelperAttributes.ThreadPoolSizeCreateCampaignTest" name="createCampaignwithcloseDateTest" time="18.338">
    <system-out>
      <![CDATA[Camapign Vivaan_4060 added successfully]]>
    </system-out>
  </testcase> <!-- createCampaignwithcloseDateTest -->
  <testcase classname="HelperAttributes.ThreadPoolSizeCreateCampaignTest" name="createCampaignTest" time="21.664">
    <system-out>
      <![CDATA[Camapign Vivaan_80 added successfully]]>
    </system-out>
  </testcase> <!-- createCampaignTest -->
  <testcase classname="HelperAttributes.ThreadPoolSizeCreateCampaignTest" name="createCampaignTest" time="18.758">
    <system-out>
      <![CDATA[Camapign Vivaan_2321 added successfully]]>
    </system-out>
  </testcase> <!-- createCampaignTest -->
  <testcase classname="HelperAttributes.ThreadPoolSizeCreateCampaignTest" name="createCampaignwithcloseDateTest" time="22.285">
    <system-out>
      <![CDATA[Camapign Vivaan_1684 added successfully]]>
    </system-out>
  </testcase> <!-- createCampaignwithcloseDateTest -->
  <system-out>
    <![CDATA[Camapign Vivaan_80 added successfully
Camapign Vivaan_2733 added successfully
Camapign Vivaan_2321 added successfully
Camapign Vivaan_2757 added successfully
Camapign Vivaan_1961 added successfully
Camapign Vivaan_1684 added successfully
Camapign Vivaan_4060 added successfully]]>
  </system-out>
</testsuite> <!-- HelperAttributes.ThreadPoolSizeCreateCampaignTest -->
