<?xml version="1.0" encoding="UTF-8"?>
<!-- Generated by org.testng.reporters.JUnitReportReporter -->
<testsuite hostname="Vivaan" failures="0" tests="1" name="ConfigurationAnnotations.LoginTest" time="5.331" errors="0" timestamp="2025-03-27T12:54:34 IST" skipped="0">
  <testcase classname="ConfigurationAnnotations.LoginTest" name="loginTest" time="5.331">
    <system-out>
      <![CDATA[Validation is passed]]>
    </system-out>
  </testcase> <!-- loginTest -->
  <system-out>
    <![CDATA[Camapign Sunil_1171 added successfully
Camapign Pen_760 added successfully
Validation is passed
Camapign Vivaan_1299 added successfully
Camapign Vivaan_2432 added successfully]]>
  </system-out>
</testsuite> <!-- ConfigurationAnnotations.LoginTest -->
