<?xml version="1.0" encoding="UTF-8"?>
<!-- Generated by org.testng.reporters.JUnitReportReporter -->
<testsuite hostname="Vivaan" failures="0" tests="1" name="ExtentReportGen.CreateContactwithCampaign" time="28.151" errors="0" timestamp="2025-04-01T18:52:56 IST" skipped="0">
  <testcase classname="ExtentReportGen.CreateContactwithCampaign" name="createContactwithCampaignTest" time="28.151">
    <system-out>
      <![CDATA[Camapign Sunil_1184 added successfully]]>
    </system-out>
  </testcase> <!-- createContactwithCampaignTest -->
  <system-out>
    <![CDATA[Camapign Vivaan_827 added successfully
Camapign Vivaan_1547 added successfully
Camapign Sunil_1184 added successfully
Camapign Pen_1539 added successfully]]>
  </system-out>
</testsuite> <!-- ExtentReportGen.CreateContactwithCampaign -->
