<?xml version="1.0" encoding="UTF-8"?>
<!-- Generated by org.testng.reporters.JUnitReportReporter -->
<testsuite hostname="Vivaan" failures="0" tests="1" name="ContactTest.CreateContactwithCampaign" time="41.210" errors="0" timestamp="2025-03-24T20:40:32 IST" skipped="0">
  <testcase classname="ContactTest.CreateContactwithCampaign" name="createContactwithCampaignTest" time="41.210">
    <system-out>
      <![CDATA[Camapign Sunil_1459 added successfully]]>
    </system-out>
  </testcase> <!-- createContactwithCampaignTest -->
  <system-out>
    <![CDATA[Camapign Sunil_1459 added successfully]]>
  </system-out>
</testsuite> <!-- ContactTest.CreateContactwithCampaign -->
