<?xml version="1.0" encoding="UTF-8"?>
<!-- Generated by org.testng.reporters.JUnitReportReporter -->
<testsuite hostname="Vivaan" failures="0" tests="2" name="HelperAttributes.InvoCountCreateCampaignTest" time="38.743" errors="0" timestamp="2025-03-25T19:55:55 IST" skipped="0">
  <testcase classname="HelperAttributes.InvoCountCreateCampaignTest" name="createCampaignTest" time="19.893">
    <system-out>
      <![CDATA[Camapign Vivaan_401 added successfully]]>
    </system-out>
  </testcase> <!-- createCampaignTest -->
  <testcase classname="HelperAttributes.InvoCountCreateCampaignTest" name="createCampaignTest" time="18.850">
    <system-out>
      <![CDATA[Camapign Vivaan_3481 added successfully]]>
    </system-out>
  </testcase> <!-- createCampaignTest -->
  <system-out>
    <![CDATA[Camapign Vivaan_401 added successfully
Camapign Vivaan_3481 added successfully]]>
  </system-out>
</testsuite> <!-- HelperAttributes.InvoCountCreateCampaignTest -->
