<?xml version="1.0" encoding="UTF-8"?>
<!-- Generated by org.testng.reporters.JUnitReportReporter -->
<testsuite hostname="Vivaan" failures="0" tests="2" name="CampaignTest.CreateCampaignTest" time="44.402" errors="0" timestamp="2025-03-24T20:23:43 IST" skipped="0">
  <testcase classname="CampaignTest.CreateCampaignTest" name="createCampaignwithcloseDateTest" time="21.229">
    <system-out>
      <![CDATA[Camapign Vivaan_2826 added successfully]]>
    </system-out>
  </testcase> <!-- createCampaignwithcloseDateTest -->
  <testcase classname="CampaignTest.CreateCampaignTest" name="createCampaignTest" time="23.173">
    <system-out>
      <![CDATA[Camapign Vivaan_1984 added successfully]]>
    </system-out>
  </testcase> <!-- createCampaignTest -->
  <system-out>
    <![CDATA[Camapign Vivaan_1984 added successfully
Camapign Vivaan_2826 added successfully]]>
  </system-out>
</testsuite> <!-- CampaignTest.CreateCampaignTest -->
