<?xml version="1.0" encoding="UTF-8"?>
<!-- Generated by org.testng.reporters.JUnitReportReporter -->
<testsuite hostname="Vivaan" failures="0" tests="1" name="RetryListernerImp.LoginTest" time="5.367" errors="0" timestamp="2025-04-01T18:24:28 IST" skipped="0">
  <testcase classname="RetryListernerImp.LoginTest" name="loginTest" time="5.367">
    <system-out>
      <![CDATA[Validation is passed]]>
    </system-out>
  </testcase> <!-- loginTest -->
  <system-out>
    <![CDATA[Camapign Pen_949 added successfully
Camapign Sunil_855 added successfully
Camapign Vivaan_2934 added successfully
Camapign Vivaan_4497 added successfully
Validation is passed]]>
  </system-out>
</testsuite> <!-- RetryListernerImp.LoginTest -->
