<?xml version="1.0" encoding="UTF-8"?>
<!-- Generated by org.testng.reporters.JUnitReportReporter -->
<testsuite hostname="Vivaan" failures="0" tests="2" name="ExtentReportGen.CreateCampaignTest" time="31.837" errors="0" timestamp="2025-04-01T18:52:56 IST" skipped="0">
  <testcase classname="ExtentReportGen.CreateCampaignTest" name="createCampaignwithcloseDateTest" time="16.126">
    <system-out>
      <![CDATA[Camapign Vivaan_1547 added successfully]]>
    </system-out>
  </testcase> <!-- createCampaignwithcloseDateTest -->
  <testcase classname="ExtentReportGen.CreateCampaignTest" name="createCampaignTest" time="15.711">
    <system-out>
      <![CDATA[Camapign Vivaan_827 added successfully]]>
    </system-out>
  </testcase> <!-- createCampaignTest -->
  <system-out>
    <![CDATA[Camapign Vivaan_827 added successfully
Camapign Vivaan_1547 added successfully
Camapign Sunil_1184 added successfully
Camapign Pen_1539 added successfully]]>
  </system-out>
</testsuite> <!-- ExtentReportGen.CreateCampaignTest -->
