<?xml version="1.0" encoding="UTF-8"?>
<!-- Generated by org.testng.reporters.JUnitReportReporter -->
<testsuite hostname="Vivaan" failures="0" tests="2" name="RetryListernerImp.CreateCampaignTest" time="31.124" errors="0" timestamp="2025-04-01T18:24:28 IST" skipped="0">
  <testcase classname="RetryListernerImp.CreateCampaignTest" name="createCampaignTest" time="14.771">
    <system-out>
      <![CDATA[Camapign Vivaan_2934 added successfully]]>
    </system-out>
  </testcase> <!-- createCampaignTest -->
  <testcase classname="RetryListernerImp.CreateCampaignTest" name="createCampaignwithcloseDateTest" time="16.353">
    <system-out>
      <![CDATA[Camapign Vivaan_4497 added successfully]]>
    </system-out>
  </testcase> <!-- createCampaignwithcloseDateTest -->
  <system-out>
    <![CDATA[Camapign Pen_949 added successfully
Camapign Sunil_855 added successfully
Camapign Vivaan_2934 added successfully
Camapign Vivaan_4497 added successfully
Validation is passed]]>
  </system-out>
</testsuite> <!-- RetryListernerImp.CreateCampaignTest -->
