<?xml version="1.0" encoding="UTF-8"?>
<!-- Generated by org.testng.reporters.JUnitReportReporter -->
<testsuite hostname="Vivaan" failures="0" tests="1" name="Assertion.LoginTest" time="18.287" errors="0" timestamp="2025-03-24T19:45:19 IST" skipped="0">
  <testcase classname="Assertion.LoginTest" name="loginTest" time="18.287"/>
</testsuite> <!-- Assertion.LoginTest -->
