<?xml version="1.0" encoding="UTF-8"?>
<!-- Generated by org.testng.reporters.JUnitReportReporter -->
<testsuite hostname="Vivaan" failures="0" tests="3" name="HelperAttributes.DataProvider" time="0.021" errors="0" timestamp="2025-03-25T20:51:02 IST" skipped="0">
  <testcase classname="HelperAttributes.DataProvider" name="testcase" time="0.014"/>
  <testcase classname="HelperAttributes.DataProvider" name="testcase" time="0.005"/>
  <testcase classname="HelperAttributes.DataProvider" name="testcase" time="0.002"/>
</testsuite> <!-- HelperAttributes.DataProvider -->
