<?xml version="1.0" encoding="UTF-8"?>
<!-- Generated by org.testng.reporters.JUnitReportReporter -->
<testsuite hostname="Vivaan" failures="0" tests="2" name="HelperAttributes.DependsOnMethodCreateCampaignTest" time="39.090" errors="0" timestamp="2025-03-25T20:26:31 IST" skipped="0">
  <testcase classname="HelperAttributes.DependsOnMethodCreateCampaignTest" name="createCampaignTest" time="19.527">
    <system-out>
      <![CDATA[Camapign Vivaan_1687 added successfully]]>
    </system-out>
  </testcase> <!-- createCampaignTest -->
  <testcase classname="HelperAttributes.DependsOnMethodCreateCampaignTest" name="createCampaignwithcloseDateTest" time="19.563">
    <system-out>
      <![CDATA[Camapign Vivaan_2310 added successfully]]>
    </system-out>
  </testcase> <!-- createCampaignwithcloseDateTest -->
  <system-out>
    <![CDATA[Camapign Vivaan_1687 added successfully
Camapign Vivaan_2310 added successfully]]>
  </system-out>
</testsuite> <!-- HelperAttributes.DependsOnMethodCreateCampaignTest -->
