<?xml version="1.0" encoding="UTF-8"?>
<!-- Generated by org.testng.reporters.JUnitReportReporter -->
<testsuite hostname="Vivaan" failures="0" tests="2" name="HelperAttributes.CreateCampaignTest" time="38.812" errors="0" timestamp="2025-03-25T19:39:22 IST" skipped="0">
  <testcase classname="HelperAttributes.CreateCampaignTest" name="createCampaignwithcloseDateTest" time="20.347">
    <system-out>
      <![CDATA[Camapign Vivaan_1897 added successfully]]>
    </system-out>
  </testcase> <!-- createCampaignwithcloseDateTest -->
  <testcase classname="HelperAttributes.CreateCampaignTest" name="createCampaignTest" time="18.465">
    <system-out>
      <![CDATA[Camapign Vivaan_2424 added successfully]]>
    </system-out>
  </testcase> <!-- createCampaignTest -->
  <system-out>
    <![CDATA[Camapign Vivaan_1897 added successfully
Camapign Vivaan_2424 added successfully]]>
  </system-out>
</testsuite> <!-- HelperAttributes.CreateCampaignTest -->
