<?xml version="1.0" encoding="UTF-8"?>
<!-- Generated by org.testng.reporters.JUnitReportReporter -->
<testsuite hostname="Vivaan" failures="0" tests="2" name="Login.LoginTest" time="29.786" errors="0" timestamp="2025-03-21T20:32:38 IST" skipped="0">
  <testcase classname="Login.LoginTest" name="loginTest" time="15.849">
    <system-out>
      <![CDATA[Dashboard page is successfull]]>
    </system-out>
  </testcase> <!-- loginTest -->
  <testcase classname="Login.LoginTest" name="loginTest" time="13.937">
    <system-out>
      <![CDATA[Dashboard page is successfull]]>
    </system-out>
  </testcase> <!-- loginTest -->
  <system-out>
    <![CDATA[Campaign Vivaan_2718 added successfully
Campaign Vivaan_4778 added successfully
CampaignVivaan_1814 added successfully
CampaignVivaan_3247 added successfully
Contact added Successfully
Contact added Successfully
Product Pen_77 added successfully
Product Pen_1788 added successfully
Dashboard page is successfull
Dashboard page is successfull]]>
  </system-out>
</testsuite> <!-- Login.LoginTest -->
