<?xml version="1.0" encoding="UTF-8"?>
<!-- Generated by org.testng.reporters.JUnitReportReporter -->
<testsuite hostname="Vivaan" failures="0" tests="2" name="Listener.CreateCampaignTest" time="31.688" errors="0" timestamp="2025-04-01T17:56:43 IST" skipped="0">
  <testcase classname="Listener.CreateCampaignTest" name="createCampaignwithcloseDateTest" time="15.831">
    <system-out>
      <![CDATA[Camapign Vivaan_634 added successfully]]>
    </system-out>
  </testcase> <!-- createCampaignwithcloseDateTest -->
  <testcase classname="Listener.CreateCampaignTest" name="createCampaignTest" time="15.857">
    <system-out>
      <![CDATA[Camapign Vivaan_4673 added successfully]]>
    </system-out>
  </testcase> <!-- createCampaignTest -->
  <system-out>
    <![CDATA[Validation is passed
Camapign Pen_878 added successfully
Camapign Vivaan_4673 added successfully
Camapign Vivaan_634 added successfully
Camapign Sunil_1118 added successfully]]>
  </system-out>
</testsuite> <!-- Listener.CreateCampaignTest -->
