<?xml version="1.0" encoding="UTF-8"?>
<!-- Generated by org.testng.reporters.JUnitReportReporter -->
<testsuite hostname="Vivaan" failures="0" tests="1" name="ProductTest.CreateProduct" time="30.718" errors="0" timestamp="2025-03-24T20:41:34 IST" skipped="0">
  <testcase classname="ProductTest.CreateProduct" name="createProductTest" time="30.718">
    <system-out>
      <![CDATA[Camapign Pen_93 added successfully]]>
    </system-out>
  </testcase> <!-- createProductTest -->
  <system-out>
    <![CDATA[Camapign Pen_93 added successfully]]>
  </system-out>
</testsuite> <!-- ProductTest.CreateProduct -->
