<?xml version="1.0" encoding="UTF-8"?>
<!-- Generated by org.testng.reporters.JUnitReportReporter -->
<testsuite hostname="Vivaan" failures="0" tests="2" name="HelperAttributes.EnabledCreateCampaignTest" time="20.057" errors="0" timestamp="2025-03-25T20:16:42 IST" skipped="1">
  <testcase classname="HelperAttributes.EnabledCreateCampaignTest" name="createCampaignwithcloseDateTest" time="20.057">
    <system-out>
      <![CDATA[Camapign Vivaan_3947 added successfully]]>
    </system-out>
  </testcase> <!-- createCampaignwithcloseDateTest -->
  <testcase classname="HelperAttributes.EnabledCreateCampaignTest" name="createCampaignTest">
    <skipped/>
  </testcase> <!-- createCampaignTest -->
  <system-out>
    <![CDATA[Camapign Vivaan_3947 added successfully]]>
  </system-out>
</testsuite> <!-- HelperAttributes.EnabledCreateCampaignTest -->
