<?xml version="1.0" encoding="UTF-8"?>
<!-- Generated by org.testng.reporters.JUnitReportReporter -->
<testsuite hostname="Vivaan" failures="0" tests="2" name="ConfigurationAnnotations.CreateCampaignTest" time="30.254" errors="0" timestamp="2025-03-27T12:54:34 IST" skipped="0">
  <testcase classname="ConfigurationAnnotations.CreateCampaignTest" name="createCampaignTest" time="14.711">
    <system-out>
      <![CDATA[Camapign Vivaan_1299 added successfully]]>
    </system-out>
  </testcase> <!-- createCampaignTest -->
  <testcase classname="ConfigurationAnnotations.CreateCampaignTest" name="createCampaignwithcloseDateTest" time="15.543">
    <system-out>
      <![CDATA[Camapign Vivaan_2432 added successfully]]>
    </system-out>
  </testcase> <!-- createCampaignwithcloseDateTest -->
  <system-out>
    <![CDATA[Camapign Sunil_1171 added successfully
Camapign Pen_760 added successfully
Validation is passed
Camapign Vivaan_1299 added successfully
Camapign Vivaan_2432 added successfully]]>
  </system-out>
</testsuite> <!-- ConfigurationAnnotations.CreateCampaignTest -->
