<?xml version="1.0" encoding="UTF-8"?>
<!-- Generated by org.testng.reporters.JUnitReportReporter -->
<testsuite hostname="Vivaan" failures="0" tests="1" name="ConfigurationAnnotations.CreateContactwithCampaign" time="29.341" errors="0" timestamp="2025-03-27T12:54:34 IST" skipped="0">
  <testcase classname="ConfigurationAnnotations.CreateContactwithCampaign" name="createContactwithCampaignTest" time="29.341">
    <system-out>
      <![CDATA[Camapign Sunil_1171 added successfully]]>
    </system-out>
  </testcase> <!-- createContactwithCampaignTest -->
  <system-out>
    <![CDATA[Camapign Sunil_1171 added successfully
Camapign Pen_760 added successfully
Validation is passed
Camapign Vivaan_1299 added successfully
Camapign Vivaan_2432 added successfully]]>
  </system-out>
</testsuite> <!-- ConfigurationAnnotations.CreateContactwithCampaign -->
