<?xml version="1.0" encoding="UTF-8"?>
<!-- Generated by org.testng.reporters.JUnitReportReporter -->
<testsuite hostname="Vivaan" failures="0" tests="1" name="ExtentReportGen.CreateContactwithCampaign" time="26.461" errors="0" timestamp="2025-04-02T21:00:57 IST" skipped="0">
  <testcase classname="ExtentReportGen.CreateContactwithCampaign" name="createContactwithCampaignTest" time="26.461">
    <system-out>
      <![CDATA[Camapign Sunil_1489 added successfully]]>
    </system-out>
  </testcase> <!-- createContactwithCampaignTest -->
  <system-out>
    <![CDATA[Camapign Vivaan_2960 added successfully
Camapign Vivaan_2582 added successfully
Camapign Sunil_1489 added successfully
Camapign Pen_1998 added successfully]]>
  </system-out>
</testsuite> <!-- ExtentReportGen.CreateContactwithCampaign -->
