<?xml version="1.0" encoding="UTF-8"?>
<!-- Generated by org.testng.reporters.JUnitReportReporter -->
<testsuite hostname="Vivaan" failures="0" tests="1" name="LogIntest.LoginTest" time="10.170" errors="0" timestamp="2025-04-12T19:32:26 IST" skipped="0">
  <testcase classname="LogIntest.LoginTest" name="loginTest" time="10.170">
    <system-out>
      <![CDATA[Validation is passed]]>
    </system-out>
  </testcase> <!-- loginTest -->
  <system-out>
    <![CDATA[Validation is passed]]>
  </system-out>
</testsuite> <!-- LogIntest.LoginTest -->
