<?xml version="1.0" encoding="UTF-8"?>
<!-- Generated by org.testng.reporters.JUnitReportReporter -->
<testsuite hostname="Vivaan" failures="0" tests="2" name="CampaignTest.CreateCampaignTest" time="30.136" errors="0" timestamp="2025-04-04T20:54:22 IST" skipped="0">
  <testcase classname="CampaignTest.CreateCampaignTest" name="createCampaignwithcloseDateTest" time="15.085">
    <system-out>
      <![CDATA[Camapign Vivaan_449 added successfully]]>
    </system-out>
  </testcase> <!-- createCampaignwithcloseDateTest -->
  <testcase classname="CampaignTest.CreateCampaignTest" name="createCampaignTest" time="15.051">
    <system-out>
      <![CDATA[Camapign Vivaan_1543 added successfully]]>
    </system-out>
  </testcase> <!-- createCampaignTest -->
  <system-out>
    <![CDATA[Camapign Vivaan_1543 added successfully
Camapign Vivaan_449 added successfully]]>
  </system-out>
</testsuite> <!-- CampaignTest.CreateCampaignTest -->
