<?xml version="1.0" encoding="UTF-8"?>
<!-- Generated by org.testng.reporters.JUnitReportReporter -->
<testsuite hostname="Vivaan" failures="0" tests="1" name="TestNGBatchExecution.LoginTest" time="8.854" errors="0" timestamp="2025-04-02T20:58:47 IST" skipped="0">
  <testcase classname="TestNGBatchExecution.LoginTest" name="loginTest" time="8.854"/>
</testsuite> <!-- TestNGBatchExecution.LoginTest -->
