<?xml version="1.0" encoding="UTF-8"?>
<!-- Generated by org.testng.reporters.JUnitReportReporter -->
<testsuite hostname="Vivaan" failures="0" tests="2" name="TestNGBatchExecution.CreateCampaignTest" time="40.503" errors="0" timestamp="2025-04-02T20:58:47 IST" skipped="0">
  <testcase classname="TestNGBatchExecution.CreateCampaignTest" name="createCampaignwithcloseDateTest" time="18.943"/>
  <testcase classname="TestNGBatchExecution.CreateCampaignTest" name="createCampaignTest" time="21.560"/>
</testsuite> <!-- TestNGBatchExecution.CreateCampaignTest -->
