<?xml version="1.0" encoding="UTF-8"?>
<!-- Generated by org.testng.reporters.JUnitReportReporter -->
<testsuite hostname="Vivaan" failures="0" tests="2" name="ExtentReportGen.CreateCampaignTest" time="29.840" errors="0" timestamp="2025-04-02T21:00:57 IST" skipped="0">
  <testcase classname="ExtentReportGen.CreateCampaignTest" name="createCampaignTest" time="15.265">
    <system-out>
      <![CDATA[Camapign Vivaan_2960 added successfully]]>
    </system-out>
  </testcase> <!-- createCampaignTest -->
  <testcase classname="ExtentReportGen.CreateCampaignTest" name="createCampaignwithcloseDateTest" time="14.575">
    <system-out>
      <![CDATA[Camapign Vivaan_2582 added successfully]]>
    </system-out>
  </testcase> <!-- createCampaignwithcloseDateTest -->
  <system-out>
    <![CDATA[Camapign Vivaan_2960 added successfully
Camapign Vivaan_2582 added successfully
Camapign Sunil_1489 added successfully
Camapign Pen_1998 added successfully]]>
  </system-out>
</testsuite> <!-- ExtentReportGen.CreateCampaignTest -->
