<?xml version="1.0" encoding="UTF-8"?>
<!-- Generated by org.testng.reporters.JUnitReportReporter -->
<testsuite hostname="Vivaan" failures="0" tests="1" name="TestNGBatchExecution.CreateProduct" time="24.958" errors="0" timestamp="2025-04-02T20:58:47 IST" skipped="0">
  <testcase classname="TestNGBatchExecution.CreateProduct" name="createProductTest" time="24.958"/>
</testsuite> <!-- TestNGBatchExecution.CreateProduct -->
